[2015-03-07 15:08:14.415] [INFO] [default] - TransMaximus listening on port  5000
[2015-03-07 15:08:46.237] [DEBUG] [default] - request Object:  { _readableState: 
   { highWaterMark: 16384,
     buffer: [],
     length: 0,
     pipes: 
      { _writableState: [Object],
        writable: true,
        domain: null,
        _events: [Object],
        _maxListeners: 10,
        _done: true,
        _parser: [Object],
        opts: [Object] },
     pipesCount: 1,
     flowing: true,
     ended: true,
     endEmitted: true,
     reading: false,
     calledRead: true,
     sync: false,
     needReadable: true,
     emittedReadable: false,
     readableListening: true,
     objectMode: false,
     defaultEncoding: 'utf8',
     ranOut: true,
     awaitDrain: 0,
     readingMore: false,
     decoder: null,
     encoding: null },
  readable: false,
  domain: null,
  _events: { close: [Function], readable: [Function: pipeOnReadable] },
  _maxListeners: 10,
  socket: 
   { _connecting: false,
     _handle: 
      { fd: 16,
        writeQueueSize: 0,
        owner: [Circular],
        onread: [Function: onread],
        reading: true },
     _readableState: 
      { highWaterMark: 16384,
        buffer: [],
        length: 0,
        pipes: null,
        pipesCount: 0,
        flowing: false,
        ended: false,
        endEmitted: false,
        reading: true,
        calledRead: true,
        sync: false,
        needReadable: true,
        emittedReadable: false,
        readableListening: false,
        objectMode: false,
        defaultEncoding: 'utf8',
        ranOut: false,
        awaitDrain: 0,
        readingMore: false,
        decoder: null,
        encoding: null },
     readable: true,
     domain: null,
     _events: 
      { end: [Object],
        finish: [Function: onSocketFinish],
        _socketEnd: [Function: onSocketEnd],
        drain: [Object],
        timeout: [Function],
        error: [Function],
        close: [Object] },
     _maxListeners: 10,
     _writableState: 
      { highWaterMark: 16384,
        objectMode: false,
        needDrain: false,
        ending: false,
        ended: false,
        finished: false,
        decodeStrings: false,
        defaultEncoding: 'utf8',
        length: 0,
        writing: false,
        sync: false,
        bufferProcessing: false,
        onwrite: [Function],
        writecb: null,
        writelen: 0,
        buffer: [],
        errorEmitted: false },
     writable: true,
     allowHalfOpen: true,
     onend: [Function],
     destroyed: false,
     bytesRead: 928671202,
     _bytesDispatched: 25,
     _pendingData: null,
     _pendingEncoding: '',
     server: 
      { domain: null,
        _events: [Object],
        _maxListeners: 10,
        _connections: 1,
        connections: [Getter/Setter],
        _handle: [Object],
        _usingSlaves: false,
        _slaves: [],
        allowHalfOpen: true,
        httpAllowHalfOpen: false,
        timeout: 120000,
        _connectionKey: '4:0.0.0.0:5000' },
     _idleTimeout: 120000,
     _idleNext: { _idleNext: [Circular], _idlePrev: [Circular] },
     _idlePrev: { _idleNext: [Circular], _idlePrev: [Circular] },
     _idleStart: 1425758926236,
     _monotonicStartTime: 15481265,
     parser: 
      { _headers: [],
        _url: '',
        onHeaders: [Function: parserOnHeaders],
        onHeadersComplete: [Function: parserOnHeadersComplete],
        onBody: [Function: parserOnBody],
        onMessageComplete: [Function: parserOnMessageComplete],
        socket: [Circular],
        incoming: [Circular],
        maxHeaderPairs: 2000,
        onIncoming: [Function] },
     ondata: [Function],
     _paused: false,
     _httpMessage: 
      { domain: null,
        _events: [Object],
        _maxListeners: 10,
        output: [],
        outputEncodings: [],
        writable: true,
        _last: false,
        chunkedEncoding: false,
        shouldKeepAlive: true,
        useChunkedEncodingByDefault: true,
        sendDate: true,
        _headerSent: false,
        _header: '',
        _hasBody: true,
        _trailer: '',
        finished: false,
        _hangupClose: false,
        socket: [Circular],
        connection: [Circular],
        _expect_continue: true,
        _sent100: true,
        _headers: [Object],
        _headerNames: [Object],
        req: [Circular],
        locals: [Object],
        flush: [Function: noop],
        write: [Function],
        end: [Function],
        on: [Function],
        writeHead: [Function: writeHead] },
     _peername: { address: '127.0.0.1', family: 'IPv4', port: 33554 } },
  connection: 
   { _connecting: false,
     _handle: 
      { fd: 16,
        writeQueueSize: 0,
        owner: [Circular],
        onread: [Function: onread],
        reading: true },
     _readableState: 
      { highWaterMark: 16384,
        buffer: [],
        length: 0,
        pipes: null,
        pipesCount: 0,
        flowing: false,
        ended: false,
        endEmitted: false,
        reading: true,
        calledRead: true,
        sync: false,
        needReadable: true,
        emittedReadable: false,
        readableListening: false,
        objectMode: false,
        defaultEncoding: 'utf8',
        ranOut: false,
        awaitDrain: 0,
        readingMore: false,
        decoder: null,
        encoding: null },
     readable: true,
     domain: null,
     _events: 
      { end: [Object],
        finish: [Function: onSocketFinish],
        _socketEnd: [Function: onSocketEnd],
        drain: [Object],
        timeout: [Function],
        error: [Function],
        close: [Object] },
     _maxListeners: 10,
     _writableState: 
      { highWaterMark: 16384,
        objectMode: false,
        needDrain: false,
        ending: false,
        ended: false,
        finished: false,
        decodeStrings: false,
        defaultEncoding: 'utf8',
        length: 0,
        writing: false,
        sync: false,
        bufferProcessing: false,
        onwrite: [Function],
        writecb: null,
        writelen: 0,
        buffer: [],
        errorEmitted: false },
     writable: true,
     allowHalfOpen: true,
     onend: [Function],
     destroyed: false,
     bytesRead: 928671202,
     _bytesDispatched: 25,
     _pendingData: null,
     _pendingEncoding: '',
     server: 
      { domain: null,
        _events: [Object],
        _maxListeners: 10,
        _connections: 1,
        connections: [Getter/Setter],
        _handle: [Object],
        _usingSlaves: false,
        _slaves: [],
        allowHalfOpen: true,
        httpAllowHalfOpen: false,
        timeout: 120000,
        _connectionKey: '4:0.0.0.0:5000' },
     _idleTimeout: 120000,
     _idleNext: { _idleNext: [Circular], _idlePrev: [Circular] },
     _idlePrev: { _idleNext: [Circular], _idlePrev: [Circular] },
     _idleStart: 1425758926236,
     _monotonicStartTime: 15481265,
     parser: 
      { _headers: [],
        _url: '',
        onHeaders: [Function: parserOnHeaders],
        onHeadersComplete: [Function: parserOnHeadersComplete],
        onBody: [Function: parserOnBody],
        onMessageComplete: [Function: parserOnMessageComplete],
        socket: [Circular],
        incoming: [Circular],
        maxHeaderPairs: 2000,
        onIncoming: [Function] },
     ondata: [Function],
     _paused: false,
     _httpMessage: 
      { domain: null,
        _events: [Object],
        _maxListeners: 10,
        output: [],
        outputEncodings: [],
        writable: true,
        _last: false,
        chunkedEncoding: false,
        shouldKeepAlive: true,
        useChunkedEncodingByDefault: true,
        sendDate: true,
        _headerSent: false,
        _header: '',
        _hasBody: true,
        _trailer: '',
        finished: false,
        _hangupClose: false,
        socket: [Circular],
        connection: [Circular],
        _expect_continue: true,
        _sent100: true,
        _headers: [Object],
        _headerNames: [Object],
        req: [Circular],
        locals: [Object],
        flush: [Function: noop],
        write: [Function],
        end: [Function],
        on: [Function],
        writeHead: [Function: writeHead] },
     _peername: { address: '127.0.0.1', family: 'IPv4', port: 33554 } },
  httpVersion: '1.1',
  complete: true,
  headers: 
   { 'user-agent': 'curl/7.29.0',
     host: 'localhost:5000',
     accept: '*/*',
     'content-length': '928670981',
     expect: '100-continue',
     'content-type': 'multipart/form-data; boundary=----------------------------9452884437ff' },
  trailers: {},
  _pendings: [],
  _pendingIndex: 0,
  url: '/uploads',
  method: 'POST',
  statusCode: null,
  client: 
   { _connecting: false,
     _handle: 
      { fd: 16,
        writeQueueSize: 0,
        owner: [Circular],
        onread: [Function: onread],
        reading: true },
     _readableState: 
      { highWaterMark: 16384,
        buffer: [],
        length: 0,
        pipes: null,
        pipesCount: 0,
        flowing: false,
        ended: false,
        endEmitted: false,
        reading: true,
        calledRead: true,
        sync: false,
        needReadable: true,
        emittedReadable: false,
        readableListening: false,
        objectMode: false,
        defaultEncoding: 'utf8',
        ranOut: false,
        awaitDrain: 0,
        readingMore: false,
        decoder: null,
        encoding: null },
     readable: true,
     domain: null,
     _events: 
      { end: [Object],
        finish: [Function: onSocketFinish],
        _socketEnd: [Function: onSocketEnd],
        drain: [Object],
        timeout: [Function],
        error: [Function],
        close: [Object] },
     _maxListeners: 10,
     _writableState: 
      { highWaterMark: 16384,
        objectMode: false,
        needDrain: false,
        ending: false,
        ended: false,
        finished: false,
        decodeStrings: false,
        defaultEncoding: 'utf8',
        length: 0,
        writing: false,
        sync: false,
        bufferProcessing: false,
        onwrite: [Function],
        writecb: null,
        writelen: 0,
        buffer: [],
        errorEmitted: false },
     writable: true,
     allowHalfOpen: true,
     onend: [Function],
     destroyed: false,
     bytesRead: 928671202,
     _bytesDispatched: 25,
     _pendingData: null,
     _pendingEncoding: '',
     server: 
      { domain: null,
        _events: [Object],
        _maxListeners: 10,
        _connections: 1,
        connections: [Getter/Setter],
        _handle: [Object],
        _usingSlaves: false,
        _slaves: [],
        allowHalfOpen: true,
        httpAllowHalfOpen: false,
        timeout: 120000,
        _connectionKey: '4:0.0.0.0:5000' },
     _idleTimeout: 120000,
     _idleNext: { _idleNext: [Circular], _idlePrev: [Circular] },
     _idlePrev: { _idleNext: [Circular], _idlePrev: [Circular] },
     _idleStart: 1425758926236,
     _monotonicStartTime: 15481265,
     parser: 
      { _headers: [],
        _url: '',
        onHeaders: [Function: parserOnHeaders],
        onHeadersComplete: [Function: parserOnHeadersComplete],
        onBody: [Function: parserOnBody],
        onMessageComplete: [Function: parserOnMessageComplete],
        socket: [Circular],
        incoming: [Circular],
        maxHeaderPairs: 2000,
        onIncoming: [Function] },
     ondata: [Function],
     _paused: false,
     _httpMessage: 
      { domain: null,
        _events: [Object],
        _maxListeners: 10,
        output: [],
        outputEncodings: [],
        writable: true,
        _last: false,
        chunkedEncoding: false,
        shouldKeepAlive: true,
        useChunkedEncodingByDefault: true,
        sendDate: true,
        _headerSent: false,
        _header: '',
        _hasBody: true,
        _trailer: '',
        finished: false,
        _hangupClose: false,
        socket: [Circular],
        connection: [Circular],
        _expect_continue: true,
        _sent100: true,
        _headers: [Object],
        _headerNames: [Object],
        req: [Circular],
        locals: [Object],
        flush: [Function: noop],
        write: [Function],
        end: [Function],
        on: [Function],
        writeHead: [Function: writeHead] },
     _peername: { address: '127.0.0.1', family: 'IPv4', port: 33554 } },
  _consuming: true,
  _dumped: false,
  httpVersionMajor: 1,
  httpVersionMinor: 1,
  upgrade: false,
  next: [Function: next],
  baseUrl: '',
  originalUrl: '/uploads',
  _parsedUrl: 
   { protocol: null,
     slashes: null,
     auth: null,
     host: null,
     port: null,
     hostname: null,
     hash: null,
     search: null,
     query: null,
     pathname: '/uploads',
     path: '/uploads',
     href: '/uploads',
     _raw: '/uploads' },
  params: {},
  query: {},
  res: 
   { domain: null,
     _events: { finish: [Function] },
     _maxListeners: 10,
     output: [],
     outputEncodings: [],
     writable: true,
     _last: false,
     chunkedEncoding: false,
     shouldKeepAlive: true,
     useChunkedEncodingByDefault: true,
     sendDate: true,
     _headerSent: false,
     _header: '',
     _hasBody: true,
     _trailer: '',
     finished: false,
     _hangupClose: false,
     socket: 
      { _connecting: false,
        _handle: [Object],
        _readableState: [Object],
        readable: true,
        domain: null,
        _events: [Object],
        _maxListeners: 10,
        _writableState: [Object],
        writable: true,
        allowHalfOpen: true,
        onend: [Function],
        destroyed: false,
        bytesRead: 928671202,
        _bytesDispatched: 25,
        _pendingData: null,
        _pendingEncoding: '',
        server: [Object],
        _idleTimeout: 120000,
        _idleNext: [Object],
        _idlePrev: [Object],
        _idleStart: 1425758926236,
        _monotonicStartTime: 15481265,
        parser: [Object],
        ondata: [Function],
        _paused: false,
        _httpMessage: [Circular],
        _peername: [Object] },
     connection: 
      { _connecting: false,
        _handle: [Object],
        _readableState: [Object],
        readable: true,
        domain: null,
        _events: [Object],
        _maxListeners: 10,
        _writableState: [Object],
        writable: true,
        allowHalfOpen: true,
        onend: [Function],
        destroyed: false,
        bytesRead: 928671202,
        _bytesDispatched: 25,
        _pendingData: null,
        _pendingEncoding: '',
        server: [Object],
        _idleTimeout: 120000,
        _idleNext: [Object],
        _idlePrev: [Object],
        _idleStart: 1425758926236,
        _monotonicStartTime: 15481265,
        parser: [Object],
        ondata: [Function],
        _paused: false,
        _httpMessage: [Circular],
        _peername: [Object] },
     _expect_continue: true,
     _sent100: true,
     _headers: { 'x-powered-by': 'Express', vary: 'X-HTTP-Method-Override' },
     _headerNames: { 'x-powered-by': 'X-Powered-By', vary: 'Vary' },
     req: [Circular],
     locals: 
      { host: 'http://localhost',
        url: 'http://localhost:5000/uploads' },
     flush: [Function: noop],
     write: [Function],
     end: [Function],
     on: [Function],
     writeHead: [Function: writeHead] },
  body: {},
  originalMethod: 'POST',
  secret: undefined,
  cookies: {},
  signedCookies: {},
  files: {},
  read: [Function],
  route: 
   { path: '/uploads',
     stack: [ [Object] ],
     methods: { post: true } } }
[2015-03-07 15:09:58.164] [INFO] [default] - TransMaximus listening on port  5000
[2015-03-07 15:10:08.174] [DEBUG] [default] - request Object:  { _readableState: 
   { highWaterMark: 16384,
     buffer: [],
     length: 0,
     pipes: 
      { _writableState: [Object],
        writable: true,
        domain: null,
        _events: [Object],
        _maxListeners: 10,
        _done: true,
        _parser: [Object],
        opts: [Object] },
     pipesCount: 1,
     flowing: true,
     ended: true,
     endEmitted: true,
     reading: false,
     calledRead: true,
     sync: false,
     needReadable: true,
     emittedReadable: false,
     readableListening: true,
     objectMode: false,
     defaultEncoding: 'utf8',
     ranOut: true,
     awaitDrain: 0,
     readingMore: false,
     decoder: null,
     encoding: null },
  readable: false,
  domain: null,
  _events: { close: [Function], readable: [Function: pipeOnReadable] },
  _maxListeners: 10,
  socket: 
   { _connecting: false,
     _handle: 
      { fd: 16,
        writeQueueSize: 0,
        owner: [Circular],
        onread: [Function: onread],
        reading: true },
     _readableState: 
      { highWaterMark: 16384,
        buffer: [],
        length: 0,
        pipes: null,
        pipesCount: 0,
        flowing: false,
        ended: false,
        endEmitted: false,
        reading: true,
        calledRead: true,
        sync: false,
        needReadable: true,
        emittedReadable: false,
        readableListening: false,
        objectMode: false,
        defaultEncoding: 'utf8',
        ranOut: false,
        awaitDrain: 0,
        readingMore: false,
        decoder: null,
        encoding: null },
     readable: true,
     domain: null,
     _events: 
      { end: [Object],
        finish: [Function: onSocketFinish],
        _socketEnd: [Function: onSocketEnd],
        drain: [Object],
        timeout: [Function],
        error: [Function],
        close: [Object] },
     _maxListeners: 10,
     _writableState: 
      { highWaterMark: 16384,
        objectMode: false,
        needDrain: false,
        ending: false,
        ended: false,
        finished: false,
        decodeStrings: false,
        defaultEncoding: 'utf8',
        length: 0,
        writing: false,
        sync: false,
        bufferProcessing: false,
        onwrite: [Function],
        writecb: null,
        writelen: 0,
        buffer: [],
        errorEmitted: false },
     writable: true,
     allowHalfOpen: true,
     onend: [Function],
     destroyed: false,
     bytesRead: 928671202,
     _bytesDispatched: 25,
     _pendingData: null,
     _pendingEncoding: '',
     server: 
      { domain: null,
        _events: [Object],
        _maxListeners: 10,
        _connections: 1,
        connections: [Getter/Setter],
        _handle: [Object],
        _usingSlaves: false,
        _slaves: [],
        allowHalfOpen: true,
        httpAllowHalfOpen: false,
        timeout: 120000,
        _connectionKey: '4:0.0.0.0:5000' },
     _idleTimeout: 120000,
     _idleNext: { _idleNext: [Circular], _idlePrev: [Circular] },
     _idlePrev: { _idleNext: [Circular], _idlePrev: [Circular] },
     _idleStart: 1425759008170,
     _monotonicStartTime: 15563200,
     parser: 
      { _headers: [],
        _url: '',
        onHeaders: [Function: parserOnHeaders],
        onHeadersComplete: [Function: parserOnHeadersComplete],
        onBody: [Function: parserOnBody],
        onMessageComplete: [Function: parserOnMessageComplete],
        socket: [Circular],
        incoming: [Circular],
        maxHeaderPairs: 2000,
        onIncoming: [Function] },
     ondata: [Function],
     _paused: false,
     _httpMessage: 
      { domain: null,
        _events: [Object],
        _maxListeners: 10,
        output: [],
        outputEncodings: [],
        writable: true,
        _last: false,
        chunkedEncoding: false,
        shouldKeepAlive: true,
        useChunkedEncodingByDefault: true,
        sendDate: true,
        _headerSent: false,
        _header: '',
        _hasBody: true,
        _trailer: '',
        finished: false,
        _hangupClose: false,
        socket: [Circular],
        connection: [Circular],
        _expect_continue: true,
        _sent100: true,
        _headers: [Object],
        _headerNames: [Object],
        req: [Circular],
        locals: [Object],
        flush: [Function: noop],
        write: [Function],
        end: [Function],
        on: [Function],
        writeHead: [Function: writeHead] },
     _peername: { address: '127.0.0.1', family: 'IPv4', port: 33556 } },
  connection: 
   { _connecting: false,
     _handle: 
      { fd: 16,
        writeQueueSize: 0,
        owner: [Circular],
        onread: [Function: onread],
        reading: true },
     _readableState: 
      { highWaterMark: 16384,
        buffer: [],
        length: 0,
        pipes: null,
        pipesCount: 0,
        flowing: false,
        ended: false,
        endEmitted: false,
        reading: true,
        calledRead: true,
        sync: false,
        needReadable: true,
        emittedReadable: false,
        readableListening: false,
        objectMode: false,
        defaultEncoding: 'utf8',
        ranOut: false,
        awaitDrain: 0,
        readingMore: false,
        decoder: null,
        encoding: null },
     readable: true,
     domain: null,
     _events: 
      { end: [Object],
        finish: [Function: onSocketFinish],
        _socketEnd: [Function: onSocketEnd],
        drain: [Object],
        timeout: [Function],
        error: [Function],
        close: [Object] },
     _maxListeners: 10,
     _writableState: 
      { highWaterMark: 16384,
        objectMode: false,
        needDrain: false,
        ending: false,
        ended: false,
        finished: false,
        decodeStrings: false,
        defaultEncoding: 'utf8',
        length: 0,
        writing: false,
        sync: false,
        bufferProcessing: false,
        onwrite: [Function],
        writecb: null,
        writelen: 0,
        buffer: [],
        errorEmitted: false },
     writable: true,
     allowHalfOpen: true,
     onend: [Function],
     destroyed: false,
     bytesRead: 928671202,
     _bytesDispatched: 25,
     _pendingData: null,
     _pendingEncoding: '',
     server: 
      { domain: null,
        _events: [Object],
        _maxListeners: 10,
        _connections: 1,
        connections: [Getter/Setter],
        _handle: [Object],
        _usingSlaves: false,
        _slaves: [],
        allowHalfOpen: true,
        httpAllowHalfOpen: false,
        timeout: 120000,
        _connectionKey: '4:0.0.0.0:5000' },
     _idleTimeout: 120000,
     _idleNext: { _idleNext: [Circular], _idlePrev: [Circular] },
     _idlePrev: { _idleNext: [Circular], _idlePrev: [Circular] },
     _idleStart: 1425759008170,
     _monotonicStartTime: 15563200,
     parser: 
      { _headers: [],
        _url: '',
        onHeaders: [Function: parserOnHeaders],
        onHeadersComplete: [Function: parserOnHeadersComplete],
        onBody: [Function: parserOnBody],
        onMessageComplete: [Function: parserOnMessageComplete],
        socket: [Circular],
        incoming: [Circular],
        maxHeaderPairs: 2000,
        onIncoming: [Function] },
     ondata: [Function],
     _paused: false,
     _httpMessage: 
      { domain: null,
        _events: [Object],
        _maxListeners: 10,
        output: [],
        outputEncodings: [],
        writable: true,
        _last: false,
        chunkedEncoding: false,
        shouldKeepAlive: true,
        useChunkedEncodingByDefault: true,
        sendDate: true,
        _headerSent: false,
        _header: '',
        _hasBody: true,
        _trailer: '',
        finished: false,
        _hangupClose: false,
        socket: [Circular],
        connection: [Circular],
        _expect_continue: true,
        _sent100: true,
        _headers: [Object],
        _headerNames: [Object],
        req: [Circular],
        locals: [Object],
        flush: [Function: noop],
        write: [Function],
        end: [Function],
        on: [Function],
        writeHead: [Function: writeHead] },
     _peername: { address: '127.0.0.1', family: 'IPv4', port: 33556 } },
  httpVersion: '1.1',
  complete: true,
  headers: 
   { 'user-agent': 'curl/7.29.0',
     host: 'localhost:5000',
     accept: '*/*',
     'content-length': '928670981',
     expect: '100-continue',
     'content-type': 'multipart/form-data; boundary=----------------------------ed9691b48cf8' },
  trailers: {},
  _pendings: [],
  _pendingIndex: 0,
  url: '/uploads',
  method: 'POST',
  statusCode: null,
  client: 
   { _connecting: false,
     _handle: 
      { fd: 16,
        writeQueueSize: 0,
        owner: [Circular],
        onread: [Function: onread],
        reading: true },
     _readableState: 
      { highWaterMark: 16384,
        buffer: [],
        length: 0,
        pipes: null,
        pipesCount: 0,
        flowing: false,
        ended: false,
        endEmitted: false,
        reading: true,
        calledRead: true,
        sync: false,
        needReadable: true,
        emittedReadable: false,
        readableListening: false,
        objectMode: false,
        defaultEncoding: 'utf8',
        ranOut: false,
        awaitDrain: 0,
        readingMore: false,
        decoder: null,
        encoding: null },
     readable: true,
     domain: null,
     _events: 
      { end: [Object],
        finish: [Function: onSocketFinish],
        _socketEnd: [Function: onSocketEnd],
        drain: [Object],
        timeout: [Function],
        error: [Function],
        close: [Object] },
     _maxListeners: 10,
     _writableState: 
      { highWaterMark: 16384,
        objectMode: false,
        needDrain: false,
        ending: false,
        ended: false,
        finished: false,
        decodeStrings: false,
        defaultEncoding: 'utf8',
        length: 0,
        writing: false,
        sync: false,
        bufferProcessing: false,
        onwrite: [Function],
        writecb: null,
        writelen: 0,
        buffer: [],
        errorEmitted: false },
     writable: true,
     allowHalfOpen: true,
     onend: [Function],
     destroyed: false,
     bytesRead: 928671202,
     _bytesDispatched: 25,
     _pendingData: null,
     _pendingEncoding: '',
     server: 
      { domain: null,
        _events: [Object],
        _maxListeners: 10,
        _connections: 1,
        connections: [Getter/Setter],
        _handle: [Object],
        _usingSlaves: false,
        _slaves: [],
        allowHalfOpen: true,
        httpAllowHalfOpen: false,
        timeout: 120000,
        _connectionKey: '4:0.0.0.0:5000' },
     _idleTimeout: 120000,
     _idleNext: { _idleNext: [Circular], _idlePrev: [Circular] },
     _idlePrev: { _idleNext: [Circular], _idlePrev: [Circular] },
     _idleStart: 1425759008170,
     _monotonicStartTime: 15563200,
     parser: 
      { _headers: [],
        _url: '',
        onHeaders: [Function: parserOnHeaders],
        onHeadersComplete: [Function: parserOnHeadersComplete],
        onBody: [Function: parserOnBody],
        onMessageComplete: [Function: parserOnMessageComplete],
        socket: [Circular],
        incoming: [Circular],
        maxHeaderPairs: 2000,
        onIncoming: [Function] },
     ondata: [Function],
     _paused: false,
     _httpMessage: 
      { domain: null,
        _events: [Object],
        _maxListeners: 10,
        output: [],
        outputEncodings: [],
        writable: true,
        _last: false,
        chunkedEncoding: false,
        shouldKeepAlive: true,
        useChunkedEncodingByDefault: true,
        sendDate: true,
        _headerSent: false,
        _header: '',
        _hasBody: true,
        _trailer: '',
        finished: false,
        _hangupClose: false,
        socket: [Circular],
        connection: [Circular],
        _expect_continue: true,
        _sent100: true,
        _headers: [Object],
        _headerNames: [Object],
        req: [Circular],
        locals: [Object],
        flush: [Function: noop],
        write: [Function],
        end: [Function],
        on: [Function],
        writeHead: [Function: writeHead] },
     _peername: { address: '127.0.0.1', family: 'IPv4', port: 33556 } },
  _consuming: true,
  _dumped: false,
  httpVersionMajor: 1,
  httpVersionMinor: 1,
  upgrade: false,
  next: [Function: next],
  baseUrl: '',
  originalUrl: '/uploads',
  _parsedUrl: 
   { protocol: null,
     slashes: null,
     auth: null,
     host: null,
     port: null,
     hostname: null,
     hash: null,
     search: null,
     query: null,
     pathname: '/uploads',
     path: '/uploads',
     href: '/uploads',
     _raw: '/uploads' },
  params: {},
  query: {},
  res: 
   { domain: null,
     _events: { finish: [Function] },
     _maxListeners: 10,
     output: [],
     outputEncodings: [],
     writable: true,
     _last: false,
     chunkedEncoding: false,
     shouldKeepAlive: true,
     useChunkedEncodingByDefault: true,
     sendDate: true,
     _headerSent: false,
     _header: '',
     _hasBody: true,
     _trailer: '',
     finished: false,
     _hangupClose: false,
     socket: 
      { _connecting: false,
        _handle: [Object],
        _readableState: [Object],
        readable: true,
        domain: null,
        _events: [Object],
        _maxListeners: 10,
        _writableState: [Object],
        writable: true,
        allowHalfOpen: true,
        onend: [Function],
        destroyed: false,
        bytesRead: 928671202,
        _bytesDispatched: 25,
        _pendingData: null,
        _pendingEncoding: '',
        server: [Object],
        _idleTimeout: 120000,
        _idleNext: [Object],
        _idlePrev: [Object],
        _idleStart: 1425759008170,
        _monotonicStartTime: 15563200,
        parser: [Object],
        ondata: [Function],
        _paused: false,
        _httpMessage: [Circular],
        _peername: [Object] },
     connection: 
      { _connecting: false,
        _handle: [Object],
        _readableState: [Object],
        readable: true,
        domain: null,
        _events: [Object],
        _maxListeners: 10,
        _writableState: [Object],
        writable: true,
        allowHalfOpen: true,
        onend: [Function],
        destroyed: false,
        bytesRead: 928671202,
        _bytesDispatched: 25,
        _pendingData: null,
        _pendingEncoding: '',
        server: [Object],
        _idleTimeout: 120000,
        _idleNext: [Object],
        _idlePrev: [Object],
        _idleStart: 1425759008170,
        _monotonicStartTime: 15563200,
        parser: [Object],
        ondata: [Function],
        _paused: false,
        _httpMessage: [Circular],
        _peername: [Object] },
     _expect_continue: true,
     _sent100: true,
     _headers: { 'x-powered-by': 'Express', vary: 'X-HTTP-Method-Override' },
     _headerNames: { 'x-powered-by': 'X-Powered-By', vary: 'Vary' },
     req: [Circular],
     locals: 
      { host: 'http://localhost',
        url: 'http://localhost:5000/uploads' },
     flush: [Function: noop],
     write: [Function],
     end: [Function],
     on: [Function],
     writeHead: [Function: writeHead] },
  body: {},
  originalMethod: 'POST',
  secret: undefined,
  cookies: {},
  signedCookies: {},
  files: {},
  read: [Function],
  route: 
   { path: '/uploads',
     stack: [ [Object] ],
     methods: { post: true } } }
[2015-03-07 15:10:34.020] [INFO] [default] - TransMaximus listening on port  5000
[2015-03-07 15:10:40.874] [DEBUG] [default] - request Object:  { _readableState: 
   { highWaterMark: 16384,
     buffer: [],
     length: 0,
     pipes: 
      { _writableState: [Object],
        writable: true,
        domain: null,
        _events: [Object],
        _maxListeners: 10,
        _done: true,
        _parser: [Object],
        opts: [Object] },
     pipesCount: 1,
     flowing: true,
     ended: true,
     endEmitted: true,
     reading: false,
     calledRead: true,
     sync: false,
     needReadable: true,
     emittedReadable: false,
     readableListening: true,
     objectMode: false,
     defaultEncoding: 'utf8',
     ranOut: true,
     awaitDrain: 0,
     readingMore: false,
     decoder: null,
     encoding: null },
  readable: false,
  domain: null,
  _events: { close: [Function], readable: [Function: pipeOnReadable] },
  _maxListeners: 10,
  socket: 
   { _connecting: false,
     _handle: 
      { fd: 16,
        writeQueueSize: 0,
        owner: [Circular],
        onread: [Function: onread],
        reading: true },
     _readableState: 
      { highWaterMark: 16384,
        buffer: [],
        length: 0,
        pipes: null,
        pipesCount: 0,
        flowing: false,
        ended: false,
        endEmitted: false,
        reading: true,
        calledRead: true,
        sync: false,
        needReadable: true,
        emittedReadable: false,
        readableListening: false,
        objectMode: false,
        defaultEncoding: 'utf8',
        ranOut: false,
        awaitDrain: 0,
        readingMore: false,
        decoder: null,
        encoding: null },
     readable: true,
     domain: null,
     _events: 
      { end: [Object],
        finish: [Function: onSocketFinish],
        _socketEnd: [Function: onSocketEnd],
        drain: [Object],
        timeout: [Function],
        error: [Function],
        close: [Object] },
     _maxListeners: 10,
     _writableState: 
      { highWaterMark: 16384,
        objectMode: false,
        needDrain: false,
        ending: false,
        ended: false,
        finished: false,
        decodeStrings: false,
        defaultEncoding: 'utf8',
        length: 0,
        writing: false,
        sync: false,
        bufferProcessing: false,
        onwrite: [Function],
        writecb: null,
        writelen: 0,
        buffer: [],
        errorEmitted: false },
     writable: true,
     allowHalfOpen: true,
     onend: [Function],
     destroyed: false,
     bytesRead: 928671202,
     _bytesDispatched: 25,
     _pendingData: null,
     _pendingEncoding: '',
     server: 
      { domain: null,
        _events: [Object],
        _maxListeners: 10,
        _connections: 1,
        connections: [Getter/Setter],
        _handle: [Object],
        _usingSlaves: false,
        _slaves: [],
        allowHalfOpen: true,
        httpAllowHalfOpen: false,
        timeout: 120000,
        _connectionKey: '4:0.0.0.0:5000' },
     _idleTimeout: 120000,
     _idleNext: { _idleNext: [Circular], _idlePrev: [Circular] },
     _idlePrev: { _idleNext: [Circular], _idlePrev: [Circular] },
     _idleStart: 1425759040871,
     _monotonicStartTime: 15595901,
     parser: 
      { _headers: [],
        _url: '',
        onHeaders: [Function: parserOnHeaders],
        onHeadersComplete: [Function: parserOnHeadersComplete],
        onBody: [Function: parserOnBody],
        onMessageComplete: [Function: parserOnMessageComplete],
        socket: [Circular],
        incoming: [Circular],
        maxHeaderPairs: 2000,
        onIncoming: [Function] },
     ondata: [Function],
     _paused: false,
     _httpMessage: 
      { domain: null,
        _events: [Object],
        _maxListeners: 10,
        output: [],
        outputEncodings: [],
        writable: true,
        _last: false,
        chunkedEncoding: false,
        shouldKeepAlive: true,
        useChunkedEncodingByDefault: true,
        sendDate: true,
        _headerSent: false,
        _header: '',
        _hasBody: true,
        _trailer: '',
        finished: false,
        _hangupClose: false,
        socket: [Circular],
        connection: [Circular],
        _expect_continue: true,
        _sent100: true,
        _headers: [Object],
        _headerNames: [Object],
        req: [Circular],
        locals: [Object],
        flush: [Function: noop],
        write: [Function],
        end: [Function],
        on: [Function],
        writeHead: [Function: writeHead] },
     _peername: { address: '127.0.0.1', family: 'IPv4', port: 33558 } },
  connection: 
   { _connecting: false,
     _handle: 
      { fd: 16,
        writeQueueSize: 0,
        owner: [Circular],
        onread: [Function: onread],
        reading: true },
     _readableState: 
      { highWaterMark: 16384,
        buffer: [],
        length: 0,
        pipes: null,
        pipesCount: 0,
        flowing: false,
        ended: false,
        endEmitted: false,
        reading: true,
        calledRead: true,
        sync: false,
        needReadable: true,
        emittedReadable: false,
        readableListening: false,
        objectMode: false,
        defaultEncoding: 'utf8',
        ranOut: false,
        awaitDrain: 0,
        readingMore: false,
        decoder: null,
        encoding: null },
     readable: true,
     domain: null,
     _events: 
      { end: [Object],
        finish: [Function: onSocketFinish],
        _socketEnd: [Function: onSocketEnd],
        drain: [Object],
        timeout: [Function],
        error: [Function],
        close: [Object] },
     _maxListeners: 10,
     _writableState: 
      { highWaterMark: 16384,
        objectMode: false,
        needDrain: false,
        ending: false,
        ended: false,
        finished: false,
        decodeStrings: false,
        defaultEncoding: 'utf8',
        length: 0,
        writing: false,
        sync: false,
        bufferProcessing: false,
        onwrite: [Function],
        writecb: null,
        writelen: 0,
        buffer: [],
        errorEmitted: false },
     writable: true,
     allowHalfOpen: true,
     onend: [Function],
     destroyed: false,
     bytesRead: 928671202,
     _bytesDispatched: 25,
     _pendingData: null,
     _pendingEncoding: '',
     server: 
      { domain: null,
        _events: [Object],
        _maxListeners: 10,
        _connections: 1,
        connections: [Getter/Setter],
        _handle: [Object],
        _usingSlaves: false,
        _slaves: [],
        allowHalfOpen: true,
        httpAllowHalfOpen: false,
        timeout: 120000,
        _connectionKey: '4:0.0.0.0:5000' },
     _idleTimeout: 120000,
     _idleNext: { _idleNext: [Circular], _idlePrev: [Circular] },
     _idlePrev: { _idleNext: [Circular], _idlePrev: [Circular] },
     _idleStart: 1425759040871,
     _monotonicStartTime: 15595901,
     parser: 
      { _headers: [],
        _url: '',
        onHeaders: [Function: parserOnHeaders],
        onHeadersComplete: [Function: parserOnHeadersComplete],
        onBody: [Function: parserOnBody],
        onMessageComplete: [Function: parserOnMessageComplete],
        socket: [Circular],
        incoming: [Circular],
        maxHeaderPairs: 2000,
        onIncoming: [Function] },
     ondata: [Function],
     _paused: false,
     _httpMessage: 
      { domain: null,
        _events: [Object],
        _maxListeners: 10,
        output: [],
        outputEncodings: [],
        writable: true,
        _last: false,
        chunkedEncoding: false,
        shouldKeepAlive: true,
        useChunkedEncodingByDefault: true,
        sendDate: true,
        _headerSent: false,
        _header: '',
        _hasBody: true,
        _trailer: '',
        finished: false,
        _hangupClose: false,
        socket: [Circular],
        connection: [Circular],
        _expect_continue: true,
        _sent100: true,
        _headers: [Object],
        _headerNames: [Object],
        req: [Circular],
        locals: [Object],
        flush: [Function: noop],
        write: [Function],
        end: [Function],
        on: [Function],
        writeHead: [Function: writeHead] },
     _peername: { address: '127.0.0.1', family: 'IPv4', port: 33558 } },
  httpVersion: '1.1',
  complete: true,
  headers: 
   { 'user-agent': 'curl/7.29.0',
     host: 'localhost:5000',
     accept: '*/*',
     'content-length': '928670981',
     expect: '100-continue',
     'content-type': 'multipart/form-data; boundary=----------------------------d6415274eb7a' },
  trailers: {},
  _pendings: [],
  _pendingIndex: 0,
  url: '/uploads',
  method: 'POST',
  statusCode: null,
  client: 
   { _connecting: false,
     _handle: 
      { fd: 16,
        writeQueueSize: 0,
        owner: [Circular],
        onread: [Function: onread],
        reading: true },
     _readableState: 
      { highWaterMark: 16384,
        buffer: [],
        length: 0,
        pipes: null,
        pipesCount: 0,
        flowing: false,
        ended: false,
        endEmitted: false,
        reading: true,
        calledRead: true,
        sync: false,
        needReadable: true,
        emittedReadable: false,
        readableListening: false,
        objectMode: false,
        defaultEncoding: 'utf8',
        ranOut: false,
        awaitDrain: 0,
        readingMore: false,
        decoder: null,
        encoding: null },
     readable: true,
     domain: null,
     _events: 
      { end: [Object],
        finish: [Function: onSocketFinish],
        _socketEnd: [Function: onSocketEnd],
        drain: [Object],
        timeout: [Function],
        error: [Function],
        close: [Object] },
     _maxListeners: 10,
     _writableState: 
      { highWaterMark: 16384,
        objectMode: false,
        needDrain: false,
        ending: false,
        ended: false,
        finished: false,
        decodeStrings: false,
        defaultEncoding: 'utf8',
        length: 0,
        writing: false,
        sync: false,
        bufferProcessing: false,
        onwrite: [Function],
        writecb: null,
        writelen: 0,
        buffer: [],
        errorEmitted: false },
     writable: true,
     allowHalfOpen: true,
     onend: [Function],
     destroyed: false,
     bytesRead: 928671202,
     _bytesDispatched: 25,
     _pendingData: null,
     _pendingEncoding: '',
     server: 
      { domain: null,
        _events: [Object],
        _maxListeners: 10,
        _connections: 1,
        connections: [Getter/Setter],
        _handle: [Object],
        _usingSlaves: false,
        _slaves: [],
        allowHalfOpen: true,
        httpAllowHalfOpen: false,
        timeout: 120000,
        _connectionKey: '4:0.0.0.0:5000' },
     _idleTimeout: 120000,
     _idleNext: { _idleNext: [Circular], _idlePrev: [Circular] },
     _idlePrev: { _idleNext: [Circular], _idlePrev: [Circular] },
     _idleStart: 1425759040871,
     _monotonicStartTime: 15595901,
     parser: 
      { _headers: [],
        _url: '',
        onHeaders: [Function: parserOnHeaders],
        onHeadersComplete: [Function: parserOnHeadersComplete],
        onBody: [Function: parserOnBody],
        onMessageComplete: [Function: parserOnMessageComplete],
        socket: [Circular],
        incoming: [Circular],
        maxHeaderPairs: 2000,
        onIncoming: [Function] },
     ondata: [Function],
     _paused: false,
     _httpMessage: 
      { domain: null,
        _events: [Object],
        _maxListeners: 10,
        output: [],
        outputEncodings: [],
        writable: true,
        _last: false,
        chunkedEncoding: false,
        shouldKeepAlive: true,
        useChunkedEncodingByDefault: true,
        sendDate: true,
        _headerSent: false,
        _header: '',
        _hasBody: true,
        _trailer: '',
        finished: false,
        _hangupClose: false,
        socket: [Circular],
        connection: [Circular],
        _expect_continue: true,
        _sent100: true,
        _headers: [Object],
        _headerNames: [Object],
        req: [Circular],
        locals: [Object],
        flush: [Function: noop],
        write: [Function],
        end: [Function],
        on: [Function],
        writeHead: [Function: writeHead] },
     _peername: { address: '127.0.0.1', family: 'IPv4', port: 33558 } },
  _consuming: true,
  _dumped: false,
  httpVersionMajor: 1,
  httpVersionMinor: 1,
  upgrade: false,
  next: [Function: next],
  baseUrl: '',
  originalUrl: '/uploads',
  _parsedUrl: 
   { protocol: null,
     slashes: null,
     auth: null,
     host: null,
     port: null,
     hostname: null,
     hash: null,
     search: null,
     query: null,
     pathname: '/uploads',
     path: '/uploads',
     href: '/uploads',
     _raw: '/uploads' },
  params: {},
  query: {},
  res: 
   { domain: null,
     _events: { finish: [Function] },
     _maxListeners: 10,
     output: [],
     outputEncodings: [],
     writable: true,
     _last: false,
     chunkedEncoding: false,
     shouldKeepAlive: true,
     useChunkedEncodingByDefault: true,
     sendDate: true,
     _headerSent: false,
     _header: '',
     _hasBody: true,
     _trailer: '',
     finished: false,
     _hangupClose: false,
     socket: 
      { _connecting: false,
        _handle: [Object],
        _readableState: [Object],
        readable: true,
        domain: null,
        _events: [Object],
        _maxListeners: 10,
        _writableState: [Object],
        writable: true,
        allowHalfOpen: true,
        onend: [Function],
        destroyed: false,
        bytesRead: 928671202,
        _bytesDispatched: 25,
        _pendingData: null,
        _pendingEncoding: '',
        server: [Object],
        _idleTimeout: 120000,
        _idleNext: [Object],
        _idlePrev: [Object],
        _idleStart: 1425759040871,
        _monotonicStartTime: 15595901,
        parser: [Object],
        ondata: [Function],
        _paused: false,
        _httpMessage: [Circular],
        _peername: [Object] },
     connection: 
      { _connecting: false,
        _handle: [Object],
        _readableState: [Object],
        readable: true,
        domain: null,
        _events: [Object],
        _maxListeners: 10,
        _writableState: [Object],
        writable: true,
        allowHalfOpen: true,
        onend: [Function],
        destroyed: false,
        bytesRead: 928671202,
        _bytesDispatched: 25,
        _pendingData: null,
        _pendingEncoding: '',
        server: [Object],
        _idleTimeout: 120000,
        _idleNext: [Object],
        _idlePrev: [Object],
        _idleStart: 1425759040871,
        _monotonicStartTime: 15595901,
        parser: [Object],
        ondata: [Function],
        _paused: false,
        _httpMessage: [Circular],
        _peername: [Object] },
     _expect_continue: true,
     _sent100: true,
     _headers: { 'x-powered-by': 'Express', vary: 'X-HTTP-Method-Override' },
     _headerNames: { 'x-powered-by': 'X-Powered-By', vary: 'Vary' },
     req: [Circular],
     locals: 
      { host: 'http://localhost',
        url: 'http://localhost:5000/uploads' },
     flush: [Function: noop],
     write: [Function],
     end: [Function],
     on: [Function],
     writeHead: [Function: writeHead] },
  body: {},
  originalMethod: 'POST',
  secret: undefined,
  cookies: {},
  signedCookies: {},
  files: {},
  read: [Function],
  route: 
   { path: '/uploads',
     stack: [ [Object] ],
     methods: { post: true } } }
[2015-03-07 15:13:47.898] [INFO] [default] - TransMaximus listening on port  5000
